<?xml version="1.0" encoding="UTF-8"?>
<testsuite xmlns:xsi="http://www.w3.org/2001/XMLSchema-instance" xsi:noNamespaceSchemaLocation="https://maven.apache.org/surefire/maven-surefire-plugin/xsd/surefire-test-report-3.0.xsd" version="3.0" name="com.juanjuan.miniioc.BeanTest" time="0.02" tests="1" errors="1" skipped="0" failures="0">
  <properties>
[...]
</properties>
  <testcase name="testLoadBeans" classname="com.juanjuan.miniioc.BeanTest" time="0.012">
    <error message="Cannot invoke &quot;com.juanjuan.miniioc.service.UserService.hello()&quot; because &quot;userService&quot; is null" type="java.lang.NullPointerException"><![CDATA[java.lang.NullPointerException: Cannot invoke "com.juanjuan.miniioc.service.UserService.hello()" because "userService" is null
	at com.juanjuan.miniioc.BeanTest.testLoadBeans(BeanTest.java:15)
	at java.base/java.lang.reflect.Method.invoke(Method.java:580)
	at java.base/java.util.ArrayList.forEach(ArrayList.java:1597)
	at java.base/java.util.ArrayList.forEach(ArrayList.java:1597)
]]></error>
  </testcase>
</testsuite>